demo/proguard-rules.pro
# Add project specific ProGuard rules here.
# You can control the set of applied configuration files using the
# proguardFiles setting in build.gradle.
#
# For more details, see
#   http://developer.android.com/guide/developing/tools/proguard.html

# If your project uses WebView with JS, uncomment the following
# and specify the fully qualified class name to the JavaScript interface
# class:
#-keepclassmembers class fqcn.of.javascript.interface.for.webview {
#   public *;
#}

# Uncomment this to preserve the line number information for
# debugging stack traces.
#-keepattributes SourceFile,LineNumberTable

# If you keep the line number information, uncomment this to
# hide the original source file name.
#-renamesourcefileattribute SourceFile


#列出混淆前后的映射
-printmapping mapping.txt

# glide混淆规则
-keep public class * implements com.jd.ad.sdk.glide.module.GlideModule
-keep class * extends com.jd.ad.sdk.glide.module.AppGlideModule {
 <init>(...);
}
-keep public enum com.jd.ad.sdk.glide.load.ImageHeaderParser$** {
  **[] $VALUES;
  public *;
}

########### 移动安全联盟 OAID 混淆要求 begin ########
-keep class XI.CA.XI.**{*;}
-keep class XI.K0.XI.**{*;}
-keep class XI.XI.K0.**{*;}
-keep class XI.vs.K0.**{*;}
-keep class XI.xo.XI.XI.**{*;}
-keep class com.asus.msa.SupplementaryDID.**{*;}
-keep class com.asus.msa.sdid.**{*;}
-keep class com.bun.lib.**{*;}
-keep class com.bun.miitmdid.**{*;}
-keep class com.huawei.hms.ads.identifier.**{*;}
-keep class com.samsung.android.deviceidservice.**{*;}
-keep class org.json.**{*;}
-keep public class com.netease.nis.sdkwrapper.Utils {
    public<methods>;
}
########### 移动安全联盟 OAID 混淆要求 end ########

#京东sdk混淆规则
-keep class com.jd.ad.sdk.** { *; }