demo/build/outputs/mapping/jingdongRelease/seeds.txt
com.jd.ad.demo.simple.ESplashCaseActivity
com.jd.ad.demo.expressad.banner.EBannerAdActivity
com.jd.ad.demo.DemoApplication
com.jd.ad.demo.expressad.feed.EFeedAdShowActivity
com.jd.ad.demo.expressad.feed.EFeedAdListActivity
com.jd.ad.demo.expressad.splash.ESplashAdActivity
com.jd.ad.demo.view.HeadBarLayout
com.jd.ad.demo.tool.TInfrastructureActivity
com.jd.ad.demo.expressad.splash.ESplashManagerActivity
com.jd.ad.demo.expressad.interstitial.EInterstitialAdActivity
com.jd.ad.demo.nativead.splash.NSplashAdActivity
com.jd.ad.demo.simple.NSplashCaseActivity
com.jd.ad.demo.expressad.feed.EFeedAdListShowActivity
com.jd.ad.demo.nativead.splash.NSplashAdManagerActivity
com.jd.ad.demo.view.LoadMoreRecyclerView
com.jd.ad.demo.simple.EFeedCaseActivity
com.jd.ad.demo.nativead.feed.NFeedAdActivity
com.jd.ad.demo.simple.EBannerCaseActivity
com.jd.ad.demo.simple.NBannerCaseActivity
com.jd.ad.demo.expressad.feed.EFeedAdRecyclerShowActivity
com.jd.ad.demo.view.LoadMoreListView
com.jd.ad.demo.expressad.feed.EFeedAdRecyclerActivity
com.jd.ad.demo.simple.SimpleMainActivity
com.jd.ad.demo.simple.NInterstitialCaseActivity
com.jd.ad.demo.DemoMainActivity
com.jd.ad.demo.expressad.feed.EFeedManagerActivity
com.jd.ad.demo.expressad.splash.EMultiSplashAdActivity
com.jd.ad.demo.expressad.feed.EFeedAdSimulateActivity
com.jd.ad.demo.expressad.feed.EFeedAdScrollActivity
com.jd.ad.demo.expressad.feed.EFeedAdScrollShowActivity
com.jd.ad.demo.tool.TPrivateActivity
com.jd.ad.demo.nativead.interstitial.NInterstitialAdActivity
com.jd.ad.demo.simple.EInterstitialCaseActivity
com.jd.ad.demo.expressad.feed.EFeedAdActivity
com.jd.ad.demo.tool.TAccessActivity
com.jd.ad.demo.simple.NFeedCaseActivity
com.jd.ad.demo.expressad.splash.ESplashMultiRequestActivity
com.jd.ad.demo.tool.ToolsActivity
com.jd.ad.demo.nativead.banner.NBannerAdActivity
com.jd.ad.demo.expressad.feed.EFeedAdScrollActivity: EFeedAdScrollActivity()
com.jd.ad.demo.expressad.splash.ESplashAdActivity: ESplashAdActivity()
com.jd.ad.demo.expressad.banner.EBannerAdActivity: EBannerAdActivity()
com.jd.ad.demo.simple.EFeedCaseActivity: EFeedCaseActivity()
com.jd.ad.demo.tool.TInfrastructureActivity: TInfrastructureActivity()
com.jd.ad.demo.view.LoadMoreView: android.widget.ProgressBar getProgressBar()
com.jd.ad.demo.simple.EBannerCaseActivity: EBannerCaseActivity()
com.jd.ad.demo.simple.ESplashCaseActivity: ESplashCaseActivity()
com.jd.ad.demo.view.HeadBarLayout: void setTitle(int)
com.jd.ad.demo.expressad.feed.EFeedAdSimulateActivity: EFeedAdSimulateActivity()
com.jd.ad.demo.expressad.interstitial.EInterstitialAdActivity: EInterstitialAdActivity()
com.jd.ad.demo.view.LoadMoreView: void setText(java.lang.String)
com.jd.ad.demo.view.LoadMoreListView: void setOnScrollListener(android.widget.AbsListView$OnScrollListener)
com.jd.ad.demo.view.HeadBarLayout: void setOnBackClickListener(android.view.View$OnClickListener)
com.jd.ad.demo.view.LoadMoreRecyclerView: void setLoadMoreListener(com.jd.ad.demo.view.LoadMoreListener)
com.jd.ad.demo.view.HeadBarLayout: HeadBarLayout(android.content.Context,android.util.AttributeSet)
com.jd.ad.demo.simple.EInterstitialCaseActivity: EInterstitialCaseActivity()
com.jd.ad.demo.nativead.interstitial.NInterstitialAdActivity: NInterstitialAdActivity()
com.jd.ad.demo.simple.NBannerCaseActivity: NBannerCaseActivity()
com.jd.ad.demo.base.BaseActivity: BaseActivity()
com.jd.ad.demo.tool.ToolsActivity: ToolsActivity()
com.jd.ad.demo.nativead.feed.NFeedAdActivity: NFeedAdActivity()
com.jd.ad.demo.nativead.banner.NBannerAdActivity: NBannerAdActivity()
com.jd.ad.demo.view.LoadMoreListView: void setLoadMoreListener(com.jd.ad.demo.view.LoadMoreListener)
com.jd.ad.demo.view.LoadMoreListView: LoadMoreListView(android.content.Context,android.util.AttributeSet)
com.jd.ad.demo.simple.NSplashCaseActivity: NSplashCaseActivity()
com.jd.ad.demo.simple.SimpleMainActivity: SimpleMainActivity()
com.jd.ad.demo.DemoMainActivity: DemoMainActivity()
...
com.jd.ad.sdk.logger.R$id: int buttonPanel
com.jd.ad.sdk.fdt.net.R$style: int Widget_AppCompat_ListPopupWindow
com.jd.ad.sdk.fdt.net.R$attr: int actionModeWebSearchDrawable
com.jd.ad.sdk.glide.load.resource.transcode.BitmapBytesTranscoder: int quality
com.jd.ad.sdk.glide.load.model.AssetUriLoader: java.lang.String ASSET_PREFIX
com.jd.ad.sdk.nativead.R$styleable: int ActionMode_titleTextStyle
com.jd.ad.sdk.interstitial.R$styleable: int AlertDialog_showTitle
com.jd.ad.sdk.R$styleable: int Toolbar_titleMarginTop
com.jd.ad.sdk.fdt.utils.R$styleable: int AppCompatTheme_colorBackgroundFloating
com.jd.ad.sdk.lottie.R$id: int search_close_btn
com.jd.ad.sdk.nativead.R$attr: int layout_constraintGuide_percent
com.jd.ad.sdk.logger.R$styleable: int ConstraintLayout_Layout_layout_constraintStart_toEndOf
com.jd.ad.sdk.R$styleable: int AnimatedStateListDrawableCompat_android_variablePadding
com.jd.ad.sdk.bl.dynamicrender.DynamicRenderView: java.lang.String mTemplateJSON
com.jd.ad.sdk.dl.event.Event: int adt
com.jd.ad.sdk.okio.R$color: int tooltip_background_light
com.jd.ad.sdk.fdt.net.R$color: int switch_thumb_disabled_material_light
com.jd.ad.sdk.nativead.R$string: int status_bar_notification_info_overflow
com.jd.ad.sdk.lottie.R$id: int content
com.jd.ad.sdk.glide.R$attr: int buttonStyleSmall
com.jd.ad.sdk.fdt.net.R$color: int error_color_material_dark
com.jd.ad.sdk.feed.R$drawable: int abc_list_selector_background_transition_holo_dark
com.jd.ad.sdk.splash.R$attr: int layout_constraintLeft_toLeftOf
com.jd.ad.sdk.glide.R$styleable: int AppCompatTextView_autoSizeMaxTextSize
com.jd.ad.sdk.splash.R$style: int Base_V7_Widget_AppCompat_AutoCompleteTextView
com.jd.ad.sdk.fdt.utils.R$style: int Base_V22_Theme_AppCompat
com.jd.ad.sdk.dl.common.KeyConstants$JADRequestBody: java.lang.String KEY_TEMPLATE_ID
com.jd.ad.sdk.interstitial.R$attr: int layout_anchorGravity
com.bun.miitmdid.R$styleable: int View_paddingEnd
com.jd.ad.sdk.feed.R$id: int italic
com.jd.ad.sdk.fdt.utils.R$styleable: int ConstraintLayout_Layout_layout_goneMarginRight
com.jd.ad.sdk.okio.R$styleable: int ConstraintSet_android_minHeight
com.jd.ad.sdk.lottie.R$string: int abc_menu_ctrl_shortcut_label
com.jd.ad.sdk.splash.R$style: int Platform_V21_AppCompat_Light
com.jd.ad.sdk.fdt.utils.R$dimen: int abc_select_dialog_padding_start_material
com.jd.ad.sdk.banner.R$style: int TextAppearance_AppCompat_Light_Widget_PopupMenu_Large
com.jd.ad.sdk.feed.R$attr: int lottie_scale
com.jd.ad.sdk.banner.R$id: int home
com.bun.miitmdid.R$style: int Widget_AppCompat_PopupMenu_Overflow
com.jd.ad.sdk.lottie.model.layer.TextLayer$3: int[] $SwitchMap$com$jd$ad$sdk$lottie$model$DocumentData$Justification
com.jd.ad.sdk.splash.R$styleable: int CompoundButton_buttonTintMode
com.jd.ad.sdk.splash.JADSplash$1: com.jd.ad.sdk.splash.JADSplash this$0
com.jd.ad.sdk.glide.R$styleable: int ConstraintLayout_Layout_layout_constraintRight_creator
com.jd.ad.sdk.okio.R$style: int Theme_AppCompat_DayNight_DialogWhenLarge
com.jd.ad.sdk.R$attr: int textAppearanceListItem
com.jd.ad.sdk.fdt.utils.R$color: int abc_btn_colored_text_material
com.jd.ad.sdk.logger.R$style: int Base_Widget_AppCompat_RatingBar_Indicator
com.jd.ad.sdk.logger.R$attr: int layout_constraintLeft_toRightOf
com.jd.ad.sdk.lottie.R$styleable: int ConstraintLayout_Layout_android_orientation
com.jd.ad.sdk.fdt.net.R$styleable: int AppCompatTheme_actionBarStyle
com.bun.miitmdid.R$styleable: int[] MenuView
com.jd.ad.sdk.dl.addata.JADAdDataManager: java.util.WeakHashMap adDataMap
com.jd.ad.sdk.splash.R$dimen: int notification_media_narrow_margin
com.jd.ad.sdk.interstitial.R$style: int Base_TextAppearance_AppCompat_SearchResult_Title
com.jd.ad.sdk.logger.R$id: int up
com.jd.ad.sdk.okio.R$style: int RtlOverlay_Widget_AppCompat_Search_DropDown_Text
com.jd.ad.sdk.nativead.R$styleable: int AppCompatTheme_dialogCornerRadius
com.jd.ad.sdk.fdt.net.R$id: int title
com.jd.ad.sdk.dl.model.JADSlot$ClickStyle: int ONLY_TEXT_CLICK
com.jd.ad.sdk.splash.JADSplash$9: int val$time