demo/build/outputs/mapping/jingdongRelease/mapping.txt
# compiler: R8
# compiler_version: 3.1.66
# min_api: 16
# pg_map_id: 03512b2
# common_typos_disable
# {"id":"com.android.tools.r8.mapping","version":"1.0"}
com.jd.ad.demo.DemoApplication -> com.jd.ad.demo.DemoApplication:
    com.bun.miitmdid.interfaces.IdSupplier mIdSupplier -> b
    int $r8$clinit -> c
    1:1:com.jd.ad.sdk.bl.initsdk.JADPrivateController createPrivateController():0:0 -> a
    1:1:void initJDSdk():0 -> a
    2:2:void initJDSdk():0:0 -> a
    1:1:java.lang.String com.jd.ad.demo.utils.AppUtils.getCurProcessName(android.content.Context):0:0 -> onCreate
    1:1:void onCreate():0 -> onCreate
    2:2:void onCreate():0:0 -> onCreate
    3:3:void initOaid():0:0 -> onCreate
    3:3:void onCreate():0 -> onCreate
    4:4:void onCreate():0:0 -> onCreate
    5:5:void com.jd.ad.demo.utils.DemoExecutor.execute(java.lang.Runnable):0:0 -> onCreate
    5:5:void onCreate():0 -> onCreate
com.jd.ad.demo.DemoApplication$1 -> com.jd.ad.demo.DemoApplication$a:
    com.jd.ad.demo.DemoApplication this$0 -> b
    1:1:void com.jd.ad.demo.DemoApplication.access$000(com.jd.ad.demo.DemoApplication):0:0 -> run
    1:1:void run():0 -> run
com.jd.ad.demo.DemoApplication$2 -> v1.a:
    com.jd.ad.demo.DemoApplication this$0 -> a
    1:1:com.bun.miitmdid.interfaces.IdSupplier com.jd.ad.demo.DemoApplication.access$102(com.jd.ad.demo.DemoApplication,com.bun.miitmdid.interfaces.IdSupplier):0:0 -> OnSupport
    1:1:void OnSupport(boolean,com.bun.miitmdid.interfaces.IdSupplier):0 -> OnSupport
com.jd.ad.demo.DemoApplication$3 -> v1.b:
    com.jd.ad.demo.DemoApplication this$0 -> a
    1:1:com.bun.miitmdid.interfaces.IdSupplier com.jd.ad.demo.DemoApplication.access$100(com.jd.ad.demo.DemoApplication):0:0 -> getOaid
    1:1:java.lang.String getOaid():0 -> getOaid
    2:2:java.lang.String getOaid():0:0 -> getOaid
com.jd.ad.demo.DemoMainActivity -> com.jd.ad.demo.DemoMainActivity:
    android.widget.LinearLayout mAdTypeList -> p
    1:1:void androidx.appcompat.app.AppCompatActivity.setSupportActionBar(androidx.appcompat.widget.Toolbar):0:0 -> onCreate
    1:1:void onCreate(android.os.Bundle):0 -> onCreate
    2:2:void androidx.appcompat.app.AppCompatDelegateImpl.setSupportActionBar(androidx.appcompat.widget.Toolbar):0:0 -> onCreate
    2:2:void androidx.appcompat.app.AppCompatActivity.setSupportActionBar(androidx.appcompat.widget.Toolbar):0 -> onCreate
    2:2:void onCreate(android.os.Bundle):0 -> onCreate
    3:3:androidx.appcompat.app.ActionBar androidx.appcompat.app.AppCompatDelegateImpl.getSupportActionBar():0:0 -> onCreate
    3:3:void androidx.appcompat.app.AppCompatDelegateImpl.setSupportActionBar(androidx.appcompat.widget.Toolbar):0 -> onCreate
    3:3:void androidx.appcompat.app.AppCompatActivity.setSupportActionBar(androidx.appcompat.widget.Toolbar):0 -> onCreate
    3:3:void onCreate(android.os.Bundle):0 -> onCreate
    4:4:void androidx.appcompat.app.AppCompatDelegateImpl.setSupportActionBar(androidx.appcompat.widget.Toolbar):0:0 -> onCreate
    4:4:void androidx.appcompat.app.AppCompatActivity.setSupportActionBar(androidx.appcompat.widget.Toolbar):0 -> onCreate
    4:4:void onCreate(android.os.Bundle):0 -> onCreate
    5:5:android.view.Window$Callback androidx.appcompat.app.ToolbarActionBar.getWrappedWindowCallback():0:0 -> onCreate
com.jd.ad.demo.DemoMainActivity$1 -> v1.c:
    com.jd.ad.demo.DemoMainActivity this$0 -> a
    1:1:void com.jd.ad.demo.utils.ThreadChooseUtils.save(android.content.Context,java.lang.String):0:0 -> onCheckedChanged
    1:1:void onCheckedChanged(android.widget.RadioGroup,int):0 -> onCheckedChanged
    2:2:void onCheckedChanged(android.widget.RadioGroup,int):0:0 -> onCheckedChanged
    3:3:void com.jd.ad.demo.utils.ThreadChooseUtils.save(android.content.Context,java.lang.String):0:0 -> onCheckedChanged
    3:3:void onCheckedChanged(android.widget.RadioGroup,int):0 -> onCheckedChanged
com.jd.ad.demo.DemoMainActivity$2 -> com.jd.ad.demo.DemoMainActivity$a:
    com.jd.ad.demo.DemoMainActivity this$0 -> c
    java.lang.Class val$clz -> b
com.jd.ad.demo.base.BaseActivity -> w1.a:
...
com.bumptech.glide.load.model.ByteBufferFileLoader$Factory -> c1.c$b:
    com.bumptech.glide.load.model.ModelLoader build(com.bumptech.glide.load.model.MultiModelLoaderFactory) -> a
com.bumptech.glide.load.model.DataUrlLoader -> c1.d:
    com.bumptech.glide.load.model.DataUrlLoader$DataDecoder dataDecoder -> a
    com.bumptech.glide.load.model.ModelLoader$LoadData buildLoadData(java.lang.Object,int,int,com.bumptech.glide.load.Options) -> a
com.bumptech.glide.load.model.DataUrlLoader$DataDecoder -> c1.d$a:
com.bumptech.glide.load.model.DataUrlLoader$DataUriFetcher -> c1.d$b:
    java.lang.Object data -> d
    com.bumptech.glide.load.model.DataUrlLoader$DataDecoder reader -> c
    java.lang.String dataUri -> b
    void loadData(com.bumptech.glide.Priority,com.bumptech.glide.load.data.DataFetcher$DataCallback) -> a
    1:1:void com.bumptech.glide.load.model.DataUrlLoader$StreamFactory$1.close(java.lang.Object):0:0 -> cleanup
    1:1:void cleanup():0 -> cleanup
    2:2:void com.bumptech.glide.load.model.DataUrlLoader$StreamFactory$1.close(java.io.InputStream):0:0 -> cleanup
    2:2:void com.bumptech.glide.load.model.DataUrlLoader$StreamFactory$1.close(java.lang.Object):0 -> cleanup
    2:2:void cleanup():0 -> cleanup
    1:1:java.lang.Class com.bumptech.glide.load.model.DataUrlLoader$StreamFactory$1.getDataClass():0:0 -> getDataClass
    1:1:java.lang.Class getDataClass():0 -> getDataClass
com.bumptech.glide.load.model.DataUrlLoader$StreamFactory -> c1.d$c:
    com.bumptech.glide.load.model.DataUrlLoader$DataDecoder opener -> a
    com.bumptech.glide.load.model.ModelLoader build(com.bumptech.glide.load.model.MultiModelLoaderFactory) -> a
com.bumptech.glide.load.model.DataUrlLoader$StreamFactory$1 -> c1.d$c$a:
    1:1:java.io.InputStream com.bumptech.glide.load.model.DataUrlLoader$StreamFactory$1.decode(java.lang.String):0:0 -> a
    1:1:java.lang.Object decode(java.lang.String):0 -> a
com.bumptech.glide.load.model.FileLoader -> c1.e:
    com.bumptech.glide.load.model.FileLoader$FileOpener fileOpener -> a
    1:1:com.bumptech.glide.load.model.ModelLoader$LoadData com.bumptech.glide.load.model.FileLoader.buildLoadData(java.io.File,int,int,com.bumptech.glide.load.Options):0:0 -> a
    1:1:com.bumptech.glide.load.model.ModelLoader$LoadData buildLoadData(java.lang.Object,int,int,com.bumptech.glide.load.Options):0 -> a
com.bumptech.glide.load.model.FileLoader$Factory -> c1.e$a:
    com.bumptech.glide.load.model.FileLoader$FileOpener opener -> a
    com.bumptech.glide.load.model.ModelLoader build(com.bumptech.glide.load.model.MultiModelLoaderFactory) -> a
com.bumptech.glide.load.model.FileLoader$FileDescriptorFactory -> c1.e$b:
com.bumptech.glide.load.model.FileLoader$FileDescriptorFactory$1 -> c1.e$b$a:
    1:1:void com.bumptech.glide.load.model.FileLoader$FileDescriptorFactory$1.close(android.os.ParcelFileDescriptor):0:0 -> close
    1:1:void close(java.lang.Object):0 -> close
    1:1:android.os.ParcelFileDescriptor com.bumptech.glide.load.model.FileLoader$FileDescriptorFactory$1.open(java.io.File):0:0 -> open
    1:1:java.lang.Object open(java.io.File):0 -> open
com.bumptech.glide.load.model.FileLoader$FileFetcher -> c1.e$c:
    java.io.File file -> b
    com.bumptech.glide.load.model.FileLoader$FileOpener opener -> c
    java.lang.Object data -> d
    void loadData(com.bumptech.glide.Priority,com.bumptech.glide.load.data.DataFetcher$DataCallback) -> a
com.bumptech.glide.load.model.FileLoader$FileOpener -> c1.e$d:
com.bumptech.glide.load.model.FileLoader$StreamFactory -> c1.e$e:
com.bumptech.glide.load.model.FileLoader$StreamFactory$1 -> c1.e$e$a:
    1:1:void com.bumptech.glide.load.model.FileLoader$StreamFactory$1.close(java.io.InputStream):0:0 -> close
    1:1:void close(java.lang.Object):0 -> close
    1:1:java.io.InputStream com.bumptech.glide.load.model.FileLoader$StreamFactory$1.open(java.io.File):0:0 -> open
    1:1:java.lang.Object open(java.io.File):0 -> open